Base path: /Applications/Unity/Unity.app/Contents
Pipe name: \\.\pipe\UnityShaderCompiler-64bit-1-2083250176
Cmd: getPlatforms
Cmd: preprocess
  insize=4159 outsize=1016 ok=1
Cmd: preprocess
  insize=3521 outsize=640 ok=1
Cmd: preprocess
  insize=642 outsize=1697 ok=1
Cmd: preprocess
  insize=1164 outsize=384 ok=1
Cmd: preprocess
  error: 2 plat 16 at (40): Can't find include file frag_ao.cginc
  error: 2 plat 16 at (44): Can't find include file frag_ao.cginc
  error: 2 plat 16 at (48): Can't find include file frag_ao.cginc
  error: 2 plat 16 at (52): Can't find include file frag_ao.cginc
  error: 2 plat 16 at (57): Can't find include file frag_ao.cginc
  insize=6511 outsize=781 ok=0
Cmd: preprocess
  insize=12815 outsize=2575 ok=1
Cmd: preprocess
  insize=642 outsize=1697 ok=1
Cmd: preprocess
  insize=2379 outsize=1092 ok=1
Cmd: preprocess
  insize=1193 outsize=303 ok=1
Cmd: preprocess
  insize=2235 outsize=619 ok=1
Cmd: preprocess
  insize=6131 outsize=973 ok=1
Cmd: preprocess
  insize=2237 outsize=975 ok=1
Cmd: preprocess
  insize=581 outsize=578 ok=1
Cmd: preprocess
  insize=1359 outsize=1837 ok=1
Cmd: preprocess
  insize=11975 outsize=2457 ok=1
Cmd: preprocess
  insize=1802 outsize=527 ok=1
Cmd: preprocess
  insize=6414 outsize=902 ok=1
Cmd: preprocess
  insize=2362 outsize=1642 ok=1
Cmd: preprocess
  insize=2274 outsize=1036 ok=1
Cmd: preprocess
  insize=799 outsize=276 ok=1
Cmd: preprocess
  insize=1265 outsize=272 ok=1
Cmd: preprocess
  insize=581 outsize=578 ok=1
Cmd: compileCompute
  error: 1 plat 16 at (0): sum of temp registers and indexable temp registers times 1024 threads exceeds the recommended total 16384.  Performance may be reduced
  api=15 insize=11450 outsize=36061 ok=1
Cmd: compileCompute
  error: 1 plat 16 at (0): sum of temp registers and indexable temp registers times 1024 threads exceeds the recommended total 16384.  Performance may be reduced
  api=9 insize=11450 outsize=36505 ok=1
Cmd: compileCompute
  api=15 insize=10725 outsize=37805 ok=1
Cmd: compileCompute
  api=9 insize=10725 outsize=38345 ok=1
Cmd: compileCompute
  error: 1 plat 16 at (26): pow(f, e) will not work for negative f, use abs(f) or conditionally handle negative values if you expect them
  api=15 insize=1181 outsize=3733 ok=1
Cmd: compileCompute
  error: 1 plat 16 at (26): pow(f, e) will not work for negative f, use abs(f) or conditionally handle negative values if you expect them
  api=9 insize=1181 outsize=3609 ok=1
